{"level":"debug","message":"Enter MerchantAuthenticationType constructor","timestamp":"2016-12-24T07:00:20.817Z"}
{"level":"debug","message":"Exit MerchantAuthenticationType constructor","timestamp":"2016-12-24T07:00:20.818Z"}
{"level":"debug","message":"Enter CreditCardType constructor","timestamp":"2016-12-24T07:00:20.818Z"}
{"level":"debug","message":"Enter CreditCardSimpleType constructor","timestamp":"2016-12-24T07:00:20.818Z"}
{"level":"debug","message":"Exit CreditCardSimpleType constructor","timestamp":"2016-12-24T07:00:20.818Z"}
{"level":"debug","message":"Exit CreditCardType constructor","timestamp":"2016-12-24T07:00:20.818Z"}
{"level":"debug","message":"Enter PaymentType constructor","timestamp":"2016-12-24T07:00:20.818Z"}
{"level":"debug","message":"Exit PaymentType constructor","timestamp":"2016-12-24T07:00:20.819Z"}
{"level":"debug","message":"Enter CustomerAddressType constructor","timestamp":"2016-12-24T07:00:20.819Z"}
{"level":"debug","message":"Enter NameAndAddressType constructor","timestamp":"2016-12-24T07:00:20.819Z"}
{"level":"debug","message":"Exit NameAndAddressType constructor","timestamp":"2016-12-24T07:00:20.819Z"}
{"level":"debug","message":"Exit CustomerAddressType constructor","timestamp":"2016-12-24T07:00:20.819Z"}
{"level":"debug","message":"Enter CustomerPaymentProfileType constructor","timestamp":"2016-12-24T07:00:20.819Z"}
{"level":"debug","message":"Enter CustomerPaymentProfileBaseType constructor","timestamp":"2016-12-24T07:00:20.819Z"}
{"level":"debug","message":"Exit CustomerPaymentProfileBaseType constructor","timestamp":"2016-12-24T07:00:20.819Z"}
{"level":"debug","message":"Exit CustomerPaymentProfileType constructor","timestamp":"2016-12-24T07:00:20.819Z"}
{"level":"debug","message":"Enter CreateCustomerPaymentProfileRequest constructor","timestamp":"2016-12-24T07:00:20.819Z"}
{"level":"debug","message":"Enter ANetApiRequest constructor","timestamp":"2016-12-24T07:00:20.820Z"}
{"level":"debug","message":"Exit ANetApiRequest constructor","timestamp":"2016-12-24T07:00:20.820Z"}
{"level":"debug","message":"Exit CreateCustomerPaymentProfileRequest constructor","timestamp":"2016-12-24T07:00:20.820Z"}
{"level":"debug","message":"Enter CreateCustomerPaymentProfileRequest getJSON","timestamp":"2016-12-24T07:00:20.820Z"}
{"level":"debug","message":"Exit CreateCustomerPaymentProfileRequest getJSON","timestamp":"2016-12-24T07:00:20.820Z"}
{"level":"debug","message":"Enter CreateCustomerPaymentProfileController constructor","timestamp":"2016-12-24T07:00:20.820Z"}
{"level":"debug","message":"Enter APIOperationBase constructor","timestamp":"2016-12-24T07:00:20.820Z"}
{"level":"debug","message":"Exit APIOperationBase constructor","timestamp":"2016-12-24T07:00:20.820Z"}
{"level":"debug","message":"Exit CreateCustomerPaymentProfileController constructor","timestamp":"2016-12-24T07:00:20.820Z"}
{"level":"debug","message":"Enter APIOperationBase execute","timestamp":"2016-12-24T07:00:20.820Z"}
{"level":"debug","message":"Endpoint : https://apitest.authorize.net/xml/v1/request.api","timestamp":"2016-12-24T07:00:20.820Z"}
{"level":"debug","message":"Request: {\"createCustomerPaymentProfileRequest\":{\"merchantAuthentication\":{\"name\":\"3Sh8F2Sr5\",\"transactionKey\":\"9m4X6V539eJtj8V5\"},\"clientId\":\"sdk-node-1.0.1\",\"customerProfileId\":\"1808388956\",\"paymentProfile\":{\"billTo\":{\"firstName\":\"test\",\"lastName\":\"scenario\",\"address\":\"123 Main Street\",\"city\":\"Bellevue\",\"state\":\"WA\",\"zip\":\"98004\",\"country\":\"USA\",\"phoneNumber\":\"000-000-0000\"},\"payment\":{\"creditCard\":{\"cardNumber\":\"4242424242424242\",\"expirationDate\":\"0822\"}}}}}","timestamp":"2016-12-24T07:00:20.821Z"}
{"level":"debug","message":"Exit APIOperationBase execute","timestamp":"2016-12-24T07:00:20.825Z"}
{"level":"debug","message":"Response: {\"customerProfileId\":\"1808388956\",\"customerPaymentProfileId\":\"1803279296\",\"messages\":{\"resultCode\":\"Ok\",\"message\":[{\"code\":\"I00001\",\"text\":\"Successful.\"}]}}","timestamp":"2016-12-24T07:00:21.228Z"}
{"level":"debug","message":"Enter CreateCustomerPaymentProfileResponse constructor","timestamp":"2016-12-24T07:00:21.229Z"}
{"level":"debug","message":"Enter ANetApiResponse constructor","timestamp":"2016-12-24T07:00:21.229Z"}
{"level":"debug","message":"Enter MessagesType constructor","timestamp":"2016-12-24T07:00:21.229Z"}
{"level":"debug","message":"Enter MessagesType.Message constructor","timestamp":"2016-12-24T07:00:21.229Z"}
{"level":"debug","message":"Exit MessagesType.Message constructor","timestamp":"2016-12-24T07:00:21.229Z"}
{"level":"debug","message":"Exit MessagesType constructor","timestamp":"2016-12-24T07:00:21.229Z"}
{"level":"debug","message":"Exit ANetApiResponse constructor","timestamp":"2016-12-24T07:00:21.229Z"}
{"level":"debug","message":"Exit CreateCustomerPaymentProfileResponse constructor","timestamp":"2016-12-24T07:00:21.229Z"}
{"level":"debug","message":"Enter MerchantAuthenticationType constructor","timestamp":"2016-12-24T07:33:24.681Z"}
{"level":"debug","message":"Exit MerchantAuthenticationType constructor","timestamp":"2016-12-24T07:33:24.683Z"}
{"level":"debug","message":"Enter CreditCardType constructor","timestamp":"2016-12-24T07:33:24.683Z"}
{"level":"debug","message":"Enter CreditCardSimpleType constructor","timestamp":"2016-12-24T07:33:24.683Z"}
{"level":"debug","message":"Exit CreditCardSimpleType constructor","timestamp":"2016-12-24T07:33:24.683Z"}
{"level":"debug","message":"Exit CreditCardType constructor","timestamp":"2016-12-24T07:33:24.683Z"}
{"level":"debug","message":"Enter PaymentType constructor","timestamp":"2016-12-24T07:33:24.683Z"}
{"level":"debug","message":"Exit PaymentType constructor","timestamp":"2016-12-24T07:33:24.683Z"}
{"level":"debug","message":"Enter CustomerAddressType constructor","timestamp":"2016-12-24T07:33:24.683Z"}
{"level":"debug","message":"Enter NameAndAddressType constructor","timestamp":"2016-12-24T07:33:24.683Z"}
{"level":"debug","message":"Exit NameAndAddressType constructor","timestamp":"2016-12-24T07:33:24.683Z"}
{"level":"debug","message":"Exit CustomerAddressType constructor","timestamp":"2016-12-24T07:33:24.683Z"}
{"level":"debug","message":"Enter CustomerPaymentProfileType constructor","timestamp":"2016-12-24T07:33:24.684Z"}
{"level":"debug","message":"Enter CustomerPaymentProfileBaseType constructor","timestamp":"2016-12-24T07:33:24.684Z"}
{"level":"debug","message":"Exit CustomerPaymentProfileBaseType constructor","timestamp":"2016-12-24T07:33:24.684Z"}
{"level":"debug","message":"Exit CustomerPaymentProfileType constructor","timestamp":"2016-12-24T07:33:24.684Z"}
{"level":"debug","message":"Enter CreateCustomerPaymentProfileRequest constructor","timestamp":"2016-12-24T07:33:24.684Z"}
{"level":"debug","message":"Enter ANetApiRequest constructor","timestamp":"2016-12-24T07:33:24.684Z"}
{"level":"debug","message":"Exit ANetApiRequest constructor","timestamp":"2016-12-24T07:33:24.684Z"}
{"level":"debug","message":"Exit CreateCustomerPaymentProfileRequest constructor","timestamp":"2016-12-24T07:33:24.684Z"}
{"level":"debug","message":"Enter CreateCustomerPaymentProfileRequest getJSON","timestamp":"2016-12-24T07:33:24.684Z"}
{"level":"debug","message":"Exit CreateCustomerPaymentProfileRequest getJSON","timestamp":"2016-12-24T07:33:24.684Z"}
{"level":"debug","message":"Enter CreateCustomerPaymentProfileController constructor","timestamp":"2016-12-24T07:33:24.684Z"}
{"level":"debug","message":"Enter APIOperationBase constructor","timestamp":"2016-12-24T07:33:24.684Z"}
{"level":"debug","message":"Exit APIOperationBase constructor","timestamp":"2016-12-24T07:33:24.684Z"}
{"level":"debug","message":"Exit CreateCustomerPaymentProfileController constructor","timestamp":"2016-12-24T07:33:24.684Z"}
{"level":"debug","message":"Enter APIOperationBase execute","timestamp":"2016-12-24T07:33:24.684Z"}
{"level":"debug","message":"Endpoint : https://apitest.authorize.net/xml/v1/request.api","timestamp":"2016-12-24T07:33:24.685Z"}
{"level":"debug","message":"Request: {\"createCustomerPaymentProfileRequest\":{\"merchantAuthentication\":{\"name\":\"3Sh8F2Sr5\",\"transactionKey\":\"9m4X6V539eJtj8V5\"},\"clientId\":\"sdk-node-1.0.1\",\"customerProfileId\":\"1808388956\",\"paymentProfile\":{\"billTo\":{\"firstName\":\"test\",\"lastName\":\"scenario\",\"address\":\"123 Main Street\",\"city\":\"Bellevue\",\"state\":\"WA\",\"zip\":\"98004\",\"country\":\"USA\",\"phoneNumber\":\"000-000-0000\"},\"payment\":{\"creditCard\":{\"cardNumber\":\"4242424242424242\",\"expirationDate\":\"0822\"}}}}}","timestamp":"2016-12-24T07:33:24.685Z"}
{"level":"debug","message":"Exit APIOperationBase execute","timestamp":"2016-12-24T07:33:24.689Z"}
{"level":"debug","message":"Response: {\"customerProfileId\":\"1808388956\",\"customerPaymentProfileId\":\"1803279296\",\"messages\":{\"resultCode\":\"Error\",\"message\":[{\"code\":\"E00039\",\"text\":\"A duplicate customer payment profile already exists.\"}]}}","timestamp":"2016-12-24T07:33:25.209Z"}
{"level":"debug","message":"Enter CreateCustomerPaymentProfileResponse constructor","timestamp":"2016-12-24T07:33:25.210Z"}
{"level":"debug","message":"Enter ANetApiResponse constructor","timestamp":"2016-12-24T07:33:25.210Z"}
{"level":"debug","message":"Enter MessagesType constructor","timestamp":"2016-12-24T07:33:25.210Z"}
{"level":"debug","message":"Enter MessagesType.Message constructor","timestamp":"2016-12-24T07:33:25.210Z"}
{"level":"debug","message":"Exit MessagesType.Message constructor","timestamp":"2016-12-24T07:33:25.210Z"}
{"level":"debug","message":"Exit MessagesType constructor","timestamp":"2016-12-24T07:33:25.210Z"}
{"level":"debug","message":"Exit ANetApiResponse constructor","timestamp":"2016-12-24T07:33:25.210Z"}
{"level":"debug","message":"Exit CreateCustomerPaymentProfileResponse constructor","timestamp":"2016-12-24T07:33:25.210Z"}
{"level":"debug","message":"Enter MerchantAuthenticationType constructor","timestamp":"2016-12-24T07:33:42.453Z"}
{"level":"debug","message":"Exit MerchantAuthenticationType constructor","timestamp":"2016-12-24T07:33:42.454Z"}
{"level":"debug","message":"Enter CreditCardType constructor","timestamp":"2016-12-24T07:33:42.454Z"}
{"level":"debug","message":"Enter CreditCardSimpleType constructor","timestamp":"2016-12-24T07:33:42.454Z"}
{"level":"debug","message":"Exit CreditCardSimpleType constructor","timestamp":"2016-12-24T07:33:42.454Z"}
{"level":"debug","message":"Exit CreditCardType constructor","timestamp":"2016-12-24T07:33:42.454Z"}
{"level":"debug","message":"Enter PaymentType constructor","timestamp":"2016-12-24T07:33:42.454Z"}
{"level":"debug","message":"Exit PaymentType constructor","timestamp":"2016-12-24T07:33:42.455Z"}
{"level":"debug","message":"Enter CustomerAddressType constructor","timestamp":"2016-12-24T07:33:42.455Z"}
{"level":"debug","message":"Enter NameAndAddressType constructor","timestamp":"2016-12-24T07:33:42.455Z"}
{"level":"debug","message":"Exit NameAndAddressType constructor","timestamp":"2016-12-24T07:33:42.455Z"}
{"level":"debug","message":"Exit CustomerAddressType constructor","timestamp":"2016-12-24T07:33:42.455Z"}
{"level":"debug","message":"Enter CustomerPaymentProfileType constructor","timestamp":"2016-12-24T07:33:42.455Z"}
{"level":"debug","message":"Enter CustomerPaymentProfileBaseType constructor","timestamp":"2016-12-24T07:33:42.455Z"}
{"level":"debug","message":"Exit CustomerPaymentProfileBaseType constructor","timestamp":"2016-12-24T07:33:42.455Z"}
{"level":"debug","message":"Exit CustomerPaymentProfileType constructor","timestamp":"2016-12-24T07:33:42.456Z"}
{"level":"debug","message":"Enter CreateCustomerPaymentProfileRequest constructor","timestamp":"2016-12-24T07:33:42.456Z"}
{"level":"debug","message":"Enter ANetApiRequest constructor","timestamp":"2016-12-24T07:33:42.456Z"}
{"level":"debug","message":"Exit ANetApiRequest constructor","timestamp":"2016-12-24T07:33:42.456Z"}
{"level":"debug","message":"Exit CreateCustomerPaymentProfileRequest constructor","timestamp":"2016-12-24T07:33:42.456Z"}
{"level":"debug","message":"Enter CreateCustomerPaymentProfileRequest getJSON","timestamp":"2016-12-24T07:33:42.456Z"}
{"level":"debug","message":"Exit CreateCustomerPaymentProfileRequest getJSON","timestamp":"2016-12-24T07:33:42.456Z"}
{"level":"debug","message":"Enter CreateCustomerPaymentProfileController constructor","timestamp":"2016-12-24T07:33:42.456Z"}
{"level":"debug","message":"Enter APIOperationBase constructor","timestamp":"2016-12-24T07:33:42.456Z"}
{"level":"debug","message":"Exit APIOperationBase constructor","timestamp":"2016-12-24T07:33:42.456Z"}
{"level":"debug","message":"Exit CreateCustomerPaymentProfileController constructor","timestamp":"2016-12-24T07:33:42.456Z"}
{"level":"debug","message":"Enter APIOperationBase execute","timestamp":"2016-12-24T07:33:42.456Z"}
{"level":"debug","message":"Endpoint : https://apitest.authorize.net/xml/v1/request.api","timestamp":"2016-12-24T07:33:42.457Z"}
{"level":"debug","message":"Request: {\"createCustomerPaymentProfileRequest\":{\"merchantAuthentication\":{\"name\":\"3Sh8F2Sr5\",\"transactionKey\":\"9m4X6V539eJtj8V5\"},\"clientId\":\"sdk-node-1.0.1\",\"customerProfileId\":\"1808388956\",\"paymentProfile\":{\"billTo\":{\"firstName\":\"test\",\"lastName\":\"scenario\",\"address\":\"123 Main Street\",\"city\":\"Bellevue\",\"state\":\"WA\",\"zip\":\"98004\",\"country\":\"USA\",\"phoneNumber\":\"000-000-0000\"},\"payment\":{\"creditCard\":{\"cardNumber\":\"1142424242424242\",\"expirationDate\":\"0822\"}}}}}","timestamp":"2016-12-24T07:33:42.457Z"}
{"level":"debug","message":"Exit APIOperationBase execute","timestamp":"2016-12-24T07:33:42.461Z"}
{"level":"debug","message":"Response: {\"customerProfileId\":\"1808388956\",\"customerPaymentProfileId\":\"1803279461\",\"messages\":{\"resultCode\":\"Ok\",\"message\":[{\"code\":\"I00001\",\"text\":\"Successful.\"}]}}","timestamp":"2016-12-24T07:33:42.791Z"}
{"level":"debug","message":"Enter CreateCustomerPaymentProfileResponse constructor","timestamp":"2016-12-24T07:33:42.791Z"}
{"level":"debug","message":"Enter ANetApiResponse constructor","timestamp":"2016-12-24T07:33:42.791Z"}
{"level":"debug","message":"Enter MessagesType constructor","timestamp":"2016-12-24T07:33:42.792Z"}
{"level":"debug","message":"Enter MessagesType.Message constructor","timestamp":"2016-12-24T07:33:42.792Z"}
{"level":"debug","message":"Exit MessagesType.Message constructor","timestamp":"2016-12-24T07:33:42.792Z"}
{"level":"debug","message":"Exit MessagesType constructor","timestamp":"2016-12-24T07:33:42.792Z"}
{"level":"debug","message":"Exit ANetApiResponse constructor","timestamp":"2016-12-24T07:33:42.792Z"}
{"level":"debug","message":"Exit CreateCustomerPaymentProfileResponse constructor","timestamp":"2016-12-24T07:33:42.792Z"}
{"level":"debug","message":"Enter MerchantAuthenticationType constructor","timestamp":"2016-12-24T07:35:24.631Z"}
{"level":"debug","message":"Exit MerchantAuthenticationType constructor","timestamp":"2016-12-24T07:35:24.632Z"}
{"level":"debug","message":"Enter CreditCardType constructor","timestamp":"2016-12-24T07:35:24.632Z"}
{"level":"debug","message":"Enter CreditCardSimpleType constructor","timestamp":"2016-12-24T07:35:24.633Z"}
{"level":"debug","message":"Exit CreditCardSimpleType constructor","timestamp":"2016-12-24T07:35:24.633Z"}
{"level":"debug","message":"Exit CreditCardType constructor","timestamp":"2016-12-24T07:35:24.633Z"}
{"level":"debug","message":"Enter PaymentType constructor","timestamp":"2016-12-24T07:35:24.633Z"}
{"level":"debug","message":"Exit PaymentType constructor","timestamp":"2016-12-24T07:35:24.633Z"}
{"level":"debug","message":"Enter CustomerAddressType constructor","timestamp":"2016-12-24T07:35:24.633Z"}
{"level":"debug","message":"Enter NameAndAddressType constructor","timestamp":"2016-12-24T07:35:24.633Z"}
{"level":"debug","message":"Exit NameAndAddressType constructor","timestamp":"2016-12-24T07:35:24.634Z"}
{"level":"debug","message":"Exit CustomerAddressType constructor","timestamp":"2016-12-24T07:35:24.634Z"}
{"level":"debug","message":"Enter CustomerPaymentProfileType constructor","timestamp":"2016-12-24T07:35:24.634Z"}
{"level":"debug","message":"Enter CustomerPaymentProfileBaseType constructor","timestamp":"2016-12-24T07:35:24.634Z"}
{"level":"debug","message":"Exit CustomerPaymentProfileBaseType constructor","timestamp":"2016-12-24T07:35:24.634Z"}
{"level":"debug","message":"Exit CustomerPaymentProfileType constructor","timestamp":"2016-12-24T07:35:24.634Z"}
{"level":"debug","message":"Enter CreateCustomerPaymentProfileRequest constructor","timestamp":"2016-12-24T07:35:24.635Z"}
{"level":"debug","message":"Enter ANetApiRequest constructor","timestamp":"2016-12-24T07:35:24.635Z"}
{"level":"debug","message":"Exit ANetApiRequest constructor","timestamp":"2016-12-24T07:35:24.635Z"}
{"level":"debug","message":"Exit CreateCustomerPaymentProfileRequest constructor","timestamp":"2016-12-24T07:35:24.635Z"}
{"level":"debug","message":"Enter CreateCustomerPaymentProfileRequest getJSON","timestamp":"2016-12-24T07:35:24.635Z"}
{"level":"debug","message":"Exit CreateCustomerPaymentProfileRequest getJSON","timestamp":"2016-12-24T07:35:24.635Z"}
{"level":"debug","message":"Enter CreateCustomerPaymentProfileController constructor","timestamp":"2016-12-24T07:35:24.635Z"}
{"level":"debug","message":"Enter APIOperationBase constructor","timestamp":"2016-12-24T07:35:24.635Z"}
{"level":"debug","message":"Exit APIOperationBase constructor","timestamp":"2016-12-24T07:35:24.635Z"}
{"level":"debug","message":"Exit CreateCustomerPaymentProfileController constructor","timestamp":"2016-12-24T07:35:24.635Z"}
{"level":"debug","message":"Enter APIOperationBase execute","timestamp":"2016-12-24T07:35:24.635Z"}
{"level":"debug","message":"Endpoint : https://apitest.authorize.net/xml/v1/request.api","timestamp":"2016-12-24T07:35:24.635Z"}
{"level":"debug","message":"Request: {\"createCustomerPaymentProfileRequest\":{\"merchantAuthentication\":{\"name\":\"3Sh8F2Sr5\",\"transactionKey\":\"9m4X6V539eJtj8V5\"},\"clientId\":\"sdk-node-1.0.1\",\"customerProfileId\":\"1808388956\",\"paymentProfile\":{\"billTo\":{\"firstName\":\"Nick\",\"lastName\":\"Diaz\",\"address\":\"123 Bravo St\",\"city\":\"Saint Louis\",\"state\":\"MO\",\"zip\":\"61336\",\"country\":\"USA\",\"phoneNumber\":\"817-896-8570\"},\"payment\":{\"creditCard\":{\"cardNumber\":\"4485150644232810\",\"expirationDate\":\"0822\"}}}}}","timestamp":"2016-12-24T07:35:24.635Z"}
{"level":"debug","message":"Exit APIOperationBase execute","timestamp":"2016-12-24T07:35:24.642Z"}
{"level":"debug","message":"Response: {\"customerProfileId\":\"1808388956\",\"customerPaymentProfileId\":\"1803279462\",\"messages\":{\"resultCode\":\"Ok\",\"message\":[{\"code\":\"I00001\",\"text\":\"Successful.\"}]}}","timestamp":"2016-12-24T07:35:26.121Z"}
{"level":"debug","message":"Enter CreateCustomerPaymentProfileResponse constructor","timestamp":"2016-12-24T07:35:26.121Z"}
{"level":"debug","message":"Enter ANetApiResponse constructor","timestamp":"2016-12-24T07:35:26.121Z"}
{"level":"debug","message":"Enter MessagesType constructor","timestamp":"2016-12-24T07:35:26.121Z"}
{"level":"debug","message":"Enter MessagesType.Message constructor","timestamp":"2016-12-24T07:35:26.121Z"}
{"level":"debug","message":"Exit MessagesType.Message constructor","timestamp":"2016-12-24T07:35:26.122Z"}
{"level":"debug","message":"Exit MessagesType constructor","timestamp":"2016-12-24T07:35:26.122Z"}
{"level":"debug","message":"Exit ANetApiResponse constructor","timestamp":"2016-12-24T07:35:26.122Z"}
{"level":"debug","message":"Exit CreateCustomerPaymentProfileResponse constructor","timestamp":"2016-12-24T07:35:26.122Z"}
